
0(26) : error C1503: undefined variable "temp_y"
0(28) : error C1503: undefined variable "temp_y"
0(30) : error C1503: undefined variable "temp_x"
0(33) : error C1503: undefined variable "temp_x"

