
0(4) : error C0000: syntax error, unexpected identifier, expecting "::" at token "uShininess"
0(33) : error C1503: undefined variable "uShininess"
0(49) : error C1503: undefined variable "uShininess"

